  clickgui.cpp
  dllmain.cpp
swapBuffers.obj : warning LNK4006: "__int64 (__cdecl* akira::hooks::originalWndproc)(struct HWND__ *,unsigned int,unsigned __int64,__int64)" (?originalWndproc@hooks@akira@@3P6A_JPEAUHWND__@@I_K_J@ZEA) already defined in akira.obj; second definition ignored
wndproc.obj : warning LNK4006: "__int64 (__cdecl* akira::hooks::originalWndproc)(struct HWND__ *,unsigned int,unsigned __int64,__int64)" (?originalWndproc@hooks@akira@@3P6A_JPEAUHWND__@@I_K_J@ZEA) already defined in akira.obj; second definition ignored
clickgui.obj : warning LNK4006: "__int64 (__cdecl* akira::hooks::originalWndproc)(struct HWND__ *,unsigned int,unsigned __int64,__int64)" (?originalWndproc@hooks@akira@@3P6A_JPEAUHWND__@@I_K_J@ZEA) already defined in akira.obj; second definition ignored
dllmain.obj : warning LNK4006: "__int64 (__cdecl* akira::hooks::originalWndproc)(struct HWND__ *,unsigned int,unsigned __int64,__int64)" (?originalWndproc@hooks@akira@@3P6A_JPEAUHWND__@@I_K_J@ZEA) already defined in akira.obj; second definition ignored
minecraft.obj : warning LNK4006: "__int64 (__cdecl* akira::hooks::originalWndproc)(struct HWND__ *,unsigned int,unsigned __int64,__int64)" (?originalWndproc@hooks@akira@@3P6A_JPEAUHWND__@@I_K_J@ZEA) already defined in akira.obj; second definition ignored
player.obj : warning LNK4006: "__int64 (__cdecl* akira::hooks::originalWndproc)(struct HWND__ *,unsigned int,unsigned __int64,__int64)" (?originalWndproc@hooks@akira@@3P6A_JPEAUHWND__@@I_K_J@ZEA) already defined in akira.obj; second definition ignored
akira.obj : error LNK2001: unresolved external symbol "int __cdecl akira::hooks::swapBuffersHook(struct HDC__ *)" (?swapBuffersHook@hooks@akira@@YAHPEAUHDC__@@@Z)
imgui_impl_opengl2.obj : error LNK2001: unresolved external symbol __imp_glPopMatrix
imgui_impl_opengl2.obj : error LNK2001: unresolved external symbol __imp_glViewport
imgui_impl_opengl2.obj : error LNK2001: unresolved external symbol __imp_glEnableClientState
imgui_impl_opengl2.obj : error LNK2001: unresolved external symbol __imp_glPopAttrib
imgui_impl_opengl2.obj : error LNK2001: unresolved external symbol __imp_glPolygonMode
imgui_impl_opengl2.obj : error LNK2001: unresolved external symbol __imp_glBindTexture
imgui_impl_opengl2.obj : error LNK2001: unresolved external symbol __imp_glGenTextures
imgui_impl_opengl2.obj : error LNK2001: unresolved external symbol __imp_glVertexPointer
imgui_impl_opengl2.obj : error LNK2001: unresolved external symbol __imp_glEnable
imgui_impl_opengl2.obj : error LNK2001: unresolved external symbol __imp_glScissor
imgui_impl_opengl2.obj : error LNK2001: unresolved external symbol __imp_glDisableClientState
imgui_impl_opengl2.obj : error LNK2001: unresolved external symbol __imp_glMatrixMode
imgui_impl_opengl2.obj : error LNK2001: unresolved external symbol __imp_glBlendFunc
imgui_impl_opengl2.obj : error LNK2001: unresolved external symbol __imp_glLoadIdentity
imgui_impl_opengl2.obj : error LNK2001: unresolved external symbol __imp_glTexParameteri
imgui_impl_opengl2.obj : error LNK2001: unresolved external symbol __imp_glDeleteTextures
imgui_impl_opengl2.obj : error LNK2001: unresolved external symbol __imp_glTexCoordPointer
imgui_impl_opengl2.obj : error LNK2001: unresolved external symbol __imp_glTexImage2D
imgui_impl_opengl2.obj : error LNK2001: unresolved external symbol __imp_glColorPointer
imgui_impl_opengl2.obj : error LNK2001: unresolved external symbol __imp_glDrawElements
imgui_impl_opengl2.obj : error LNK2001: unresolved external symbol __imp_glDisable
imgui_impl_opengl2.obj : error LNK2001: unresolved external symbol __imp_glPushMatrix
imgui_impl_opengl2.obj : error LNK2001: unresolved external symbol __imp_glPixelStorei
imgui_impl_opengl2.obj : error LNK2001: unresolved external symbol __imp_glOrtho
imgui_impl_opengl2.obj : error LNK2001: unresolved external symbol __imp_glPushAttrib
imgui_impl_opengl2.obj : error LNK2001: unresolved external symbol __imp_glGetIntegerv
C:\Users\Renovo\Downloads\ClientBase-main\ClientBase-main\x64\Release\akira.dll : warning LNK4088: image being generated due to /FORCE option; image may not run
  Generating code
  2 of 857 functions ( 0.2%) were compiled, the rest were copied from previous compilation.
    0 functions were new in current compilation
    2 functions had inline decision re-evaluated but remain unchanged
  Finished generating code
* CIL library *(* CIL module *) : warning LNK4006: "__int64 (__cdecl* akira::hooks::originalWndproc)(struct HWND__ *,unsigned int,unsigned __int64,__int64)" (?originalWndproc@hooks@akira@@3P6A_JPEAUHWND__@@I_K_J@ZEA) already defined in * CIL library *(* CIL module *); second definition ignored
akira.obj : error LNK2001: unresolved external symbol "__declspec(dllimport) int __cdecl akira::hooks::swapBuffersHook(struct HDC__ *)" (__imp_?swapBuffersHook@hooks@akira@@YAHPEAUHDC__@@@Z)
imgui_impl_opengl2.obj : error LNK2001: unresolved external symbol __imp_glGetIntegerv
imgui_impl_opengl2.obj : error LNK2001: unresolved external symbol __imp_glPushAttrib
imgui_impl_opengl2.obj : error LNK2001: unresolved external symbol __imp_glOrtho
imgui_impl_opengl2.obj : error LNK2001: unresolved external symbol __imp_glPixelStorei
imgui_impl_opengl2.obj : error LNK2001: unresolved external symbol __imp_glPushMatrix
imgui_impl_opengl2.obj : error LNK2001: unresolved external symbol __imp_glDisable
imgui_impl_opengl2.obj : error LNK2001: unresolved external symbol __imp_glDrawElements
imgui_impl_opengl2.obj : error LNK2001: unresolved external symbol __imp_glColorPointer
imgui_impl_opengl2.obj : error LNK2001: unresolved external symbol __imp_glTexImage2D
imgui_impl_opengl2.obj : error LNK2001: unresolved external symbol __imp_glTexCoordPointer
imgui_impl_opengl2.obj : error LNK2001: unresolved external symbol __imp_glDeleteTextures
imgui_impl_opengl2.obj : error LNK2001: unresolved external symbol __imp_glTexParameteri
imgui_impl_opengl2.obj : error LNK2001: unresolved external symbol __imp_glLoadIdentity
imgui_impl_opengl2.obj : error LNK2001: unresolved external symbol __imp_glBlendFunc
imgui_impl_opengl2.obj : error LNK2001: unresolved external symbol __imp_glMatrixMode
imgui_impl_opengl2.obj : error LNK2001: unresolved external symbol __imp_glDisableClientState
imgui_impl_opengl2.obj : error LNK2001: unresolved external symbol __imp_glScissor
imgui_impl_opengl2.obj : error LNK2001: unresolved external symbol __imp_glEnable
imgui_impl_opengl2.obj : error LNK2001: unresolved external symbol __imp_glVertexPointer
imgui_impl_opengl2.obj : error LNK2001: unresolved external symbol __imp_glGenTextures
imgui_impl_opengl2.obj : error LNK2001: unresolved external symbol __imp_glBindTexture
imgui_impl_opengl2.obj : error LNK2001: unresolved external symbol __imp_glPolygonMode
imgui_impl_opengl2.obj : error LNK2001: unresolved external symbol __imp_glPopAttrib
imgui_impl_opengl2.obj : error LNK2001: unresolved external symbol __imp_glEnableClientState
imgui_impl_opengl2.obj : error LNK2001: unresolved external symbol __imp_glViewport
imgui_impl_opengl2.obj : error LNK2001: unresolved external symbol __imp_glPopMatrix
C:\Users\Renovo\Downloads\ClientBase-main\ClientBase-main\x64\Release\akira.dll : warning LNK4088: image being generated due to /FORCE option; image may not run
  akira.vcxproj -> C:\Users\Renovo\Downloads\ClientBase-main\ClientBase-main\x64\Release\akira.dll
