  main.cpp
C:\Users\Liam\Downloads\Skidware-Client-main\Skidware-Client-main\sdk\utils\utils.h(27,21): warning C4244: 'return': conversion from 'double' to 'float', possible loss of data
C:\Users\Liam\Downloads\Skidware-Client-main\Skidware-Client-main\sdk\utils\utils.h(32,20): warning C4244: 'return': conversion from 'double' to 'float', possible loss of data
C:\Users\Liam\Downloads\Skidware-Client-main\Skidware-Client-main\sdk\utils\utils.h(42,37): warning C4244: 'argument': conversion from 'double' to 'float', possible loss of data
C:\Users\Liam\Downloads\Skidware-Client-main\Skidware-Client-main\sdk\utils\utils.h(43,34): warning C4244: 'argument': conversion from 'double' to 'float', possible loss of data
  cheat.cpp
C:\Users\Liam\Downloads\Skidware-Client-main\Skidware-Client-main\sdk\utils\utils.h(27,21): warning C4244: 'return': conversion from 'double' to 'float', possible loss of data
C:\Users\Liam\Downloads\Skidware-Client-main\Skidware-Client-main\sdk\utils\utils.h(32,20): warning C4244: 'return': conversion from 'double' to 'float', possible loss of data
C:\Users\Liam\Downloads\Skidware-Client-main\Skidware-Client-main\sdk\utils\utils.h(42,37): warning C4244: 'argument': conversion from 'double' to 'float', possible loss of data
C:\Users\Liam\Downloads\Skidware-Client-main\Skidware-Client-main\sdk\utils\utils.h(43,34): warning C4244: 'argument': conversion from 'double' to 'float', possible loss of data
  gasper.cpp
C:\Users\Liam\Downloads\Skidware-Client-main\Skidware-Client-main\sdk\utils\utils.h(27,21): warning C4244: 'return': conversion from 'double' to 'float', possible loss of data
C:\Users\Liam\Downloads\Skidware-Client-main\Skidware-Client-main\sdk\utils\utils.h(32,20): warning C4244: 'return': conversion from 'double' to 'float', possible loss of data
C:\Users\Liam\Downloads\Skidware-Client-main\Skidware-Client-main\sdk\utils\utils.h(42,37): warning C4244: 'argument': conversion from 'double' to 'float', possible loss of data
C:\Users\Liam\Downloads\Skidware-Client-main\Skidware-Client-main\sdk\utils\utils.h(43,34): warning C4244: 'argument': conversion from 'double' to 'float', possible loss of data
  swap_buffers.cpp
C:\Users\Liam\Downloads\Skidware-Client-main\Skidware-Client-main\sdk\utils\utils.h(27,21): warning C4244: 'return': conversion from 'double' to 'float', possible loss of data
C:\Users\Liam\Downloads\Skidware-Client-main\Skidware-Client-main\sdk\utils\utils.h(32,20): warning C4244: 'return': conversion from 'double' to 'float', possible loss of data
C:\Users\Liam\Downloads\Skidware-Client-main\Skidware-Client-main\sdk\utils\utils.h(42,37): warning C4244: 'argument': conversion from 'double' to 'float', possible loss of data
C:\Users\Liam\Downloads\Skidware-Client-main\Skidware-Client-main\sdk\utils\utils.h(43,34): warning C4244: 'argument': conversion from 'double' to 'float', possible loss of data
  wndproc.cpp
C:\Users\Liam\Downloads\Skidware-Client-main\Skidware-Client-main\sdk\utils\utils.h(27,21): warning C4244: 'return': conversion from 'double' to 'float', possible loss of data
C:\Users\Liam\Downloads\Skidware-Client-main\Skidware-Client-main\sdk\utils\utils.h(32,20): warning C4244: 'return': conversion from 'double' to 'float', possible loss of data
C:\Users\Liam\Downloads\Skidware-Client-main\Skidware-Client-main\sdk\utils\utils.h(42,37): warning C4244: 'argument': conversion from 'double' to 'float', possible loss of data
C:\Users\Liam\Downloads\Skidware-Client-main\Skidware-Client-main\sdk\utils\utils.h(43,34): warning C4244: 'argument': conversion from 'double' to 'float', possible loss of data
C:\Users\Liam\Downloads\Skidware-Client-main\Skidware-Client-main\main\hooks\wndproc.cpp(70,24): warning C4244: 'return': conversion from 'LRESULT' to 'long', possible loss of data
  imgui.cpp
  imgui_draw.cpp
  imgui_impl_opengl2.cpp
  imgui_impl_win32.cpp
  imgui_widgets.cpp
  axisalignedbb.cpp
C:\Users\Liam\Downloads\Skidware-Client-main\Skidware-Client-main\sdk\utils\utils.h(27,21): warning C4244: 'return': conversion from 'double' to 'float', possible loss of data
C:\Users\Liam\Downloads\Skidware-Client-main\Skidware-Client-main\sdk\utils\utils.h(32,20): warning C4244: 'return': conversion from 'double' to 'float', possible loss of data
C:\Users\Liam\Downloads\Skidware-Client-main\Skidware-Client-main\sdk\utils\utils.h(42,37): warning C4244: 'argument': conversion from 'double' to 'float', possible loss of data
C:\Users\Liam\Downloads\Skidware-Client-main\Skidware-Client-main\sdk\utils\utils.h(43,34): warning C4244: 'argument': conversion from 'double' to 'float', possible loss of data
  itemstack.cpp
C:\Users\Liam\Downloads\Skidware-Client-main\Skidware-Client-main\sdk\utils\utils.h(27,21): warning C4244: 'return': conversion from 'double' to 'float', possible loss of data
C:\Users\Liam\Downloads\Skidware-Client-main\Skidware-Client-main\sdk\utils\utils.h(32,20): warning C4244: 'return': conversion from 'double' to 'float', possible loss of data
C:\Users\Liam\Downloads\Skidware-Client-main\Skidware-Client-main\sdk\utils\utils.h(42,37): warning C4244: 'argument': conversion from 'double' to 'float', possible loss of data
C:\Users\Liam\Downloads\Skidware-Client-main\Skidware-Client-main\sdk\utils\utils.h(43,34): warning C4244: 'argument': conversion from 'double' to 'float', possible loss of data
  minecraft.cpp
C:\Users\Liam\Downloads\Skidware-Client-main\Skidware-Client-main\sdk\utils\utils.h(27,21): warning C4244: 'return': conversion from 'double' to 'float', possible loss of data
C:\Users\Liam\Downloads\Skidware-Client-main\Skidware-Client-main\sdk\utils\utils.h(32,20): warning C4244: 'return': conversion from 'double' to 'float', possible loss of data
C:\Users\Liam\Downloads\Skidware-Client-main\Skidware-Client-main\sdk\utils\utils.h(42,37): warning C4244: 'argument': conversion from 'double' to 'float', possible loss of data
C:\Users\Liam\Downloads\Skidware-Client-main\Skidware-Client-main\sdk\utils\utils.h(43,34): warning C4244: 'argument': conversion from 'double' to 'float', possible loss of data
  player.cpp
C:\Users\Liam\Downloads\Skidware-Client-main\Skidware-Client-main\sdk\utils\utils.h(27,21): warning C4244: 'return': conversion from 'double' to 'float', possible loss of data
C:\Users\Liam\Downloads\Skidware-Client-main\Skidware-Client-main\sdk\utils\utils.h(32,20): warning C4244: 'return': conversion from 'double' to 'float', possible loss of data
C:\Users\Liam\Downloads\Skidware-Client-main\Skidware-Client-main\sdk\utils\utils.h(42,37): warning C4244: 'argument': conversion from 'double' to 'float', possible loss of data
C:\Users\Liam\Downloads\Skidware-Client-main\Skidware-Client-main\sdk\utils\utils.h(43,34): warning C4244: 'argument': conversion from 'double' to 'float', possible loss of data
  world.cpp
C:\Users\Liam\Downloads\Skidware-Client-main\Skidware-Client-main\sdk\utils\utils.h(27,21): warning C4244: 'return': conversion from 'double' to 'float', possible loss of data
C:\Users\Liam\Downloads\Skidware-Client-main\Skidware-Client-main\sdk\utils\utils.h(32,20): warning C4244: 'return': conversion from 'double' to 'float', possible loss of data
C:\Users\Liam\Downloads\Skidware-Client-main\Skidware-Client-main\sdk\utils\utils.h(42,37): warning C4244: 'argument': conversion from 'double' to 'float', possible loss of data
C:\Users\Liam\Downloads\Skidware-Client-main\Skidware-Client-main\sdk\utils\utils.h(43,34): warning C4244: 'argument': conversion from 'double' to 'float', possible loss of data
  timer.cpp
C:\Users\Liam\Downloads\Skidware-Client-main\Skidware-Client-main\sdk\utils\utils.h(27,21): warning C4244: 'return': conversion from 'double' to 'float', possible loss of data
C:\Users\Liam\Downloads\Skidware-Client-main\Skidware-Client-main\sdk\utils\utils.h(32,20): warning C4244: 'return': conversion from 'double' to 'float', possible loss of data
C:\Users\Liam\Downloads\Skidware-Client-main\Skidware-Client-main\sdk\utils\utils.h(42,37): warning C4244: 'argument': conversion from 'double' to 'float', possible loss of data
C:\Users\Liam\Downloads\Skidware-Client-main\Skidware-Client-main\sdk\utils\utils.h(43,34): warning C4244: 'argument': conversion from 'double' to 'float', possible loss of data
  buffer.c
  hde32.c
  hde64.c
  hook.c
  trampoline.c
  Generating code
  Not all modules are compiled with -Gy (function comdat), build without incremental LTCG.
  Finished generating code
  gasper-cpp.vcxproj -> C:\Users\Liam\Downloads\Skidware-Client-main\Skidware-Client-main\x64\Release\skidwar.dll
